<?xml version="1.0" encoding="UTF-8"?>
<testsuite name="com.ncr.test.pyramid.solver.YourSolverTest" tests="4" skipped="0" failures="0" errors="0" timestamp="2023-05-01T18:53:12" hostname="valehs-mac-studio.home" time="0.004">
  <properties/>
  <testcase name="solverHandlesDemoData" classname="com.ncr.test.pyramid.solver.YourSolverTest" time="0.001"/>
  <testcase name="solverSurvivesLargeData" classname="com.ncr.test.pyramid.solver.YourSolverTest" time="0.002"/>
  <testcase name="solverHandlesRandomData" classname="com.ncr.test.pyramid.solver.YourSolverTest" time="0.0"/>
  <testcase name="solverHandlesSampleData" classname="com.ncr.test.pyramid.solver.YourSolverTest" time="0.0"/>
  <system-out><![CDATA[]]></system-out>
  <system-err><![CDATA[]]></system-err>
</testsuite>
